mode: atomic
github.com/percybolmer/workflow/handlers/network/OpenPcap.go:38.13,40.2 1 1
github.com/percybolmer/workflow/handlers/network/OpenPcap.go:43.44,53.2 3 2
github.com/percybolmer/workflow/handlers/network/OpenPcap.go:56.44,58.2 1 1
github.com/percybolmer/workflow/handlers/network/OpenPcap.go:61.95,65.16 4 1
github.com/percybolmer/workflow/handlers/network/OpenPcap.go:68.2,68.15 1 1
github.com/percybolmer/workflow/handlers/network/OpenPcap.go:73.2,73.17 1 1
github.com/percybolmer/workflow/handlers/network/OpenPcap.go:80.2,84.40 3 1
github.com/percybolmer/workflow/handlers/network/OpenPcap.go:91.2,93.17 3 1
github.com/percybolmer/workflow/handlers/network/OpenPcap.go:99.2,99.12 1 1
github.com/percybolmer/workflow/handlers/network/OpenPcap.go:65.16,67.3 1 0
github.com/percybolmer/workflow/handlers/network/OpenPcap.go:68.15,70.3 1 1
github.com/percybolmer/workflow/handlers/network/OpenPcap.go:73.17,75.17 2 1
github.com/percybolmer/workflow/handlers/network/OpenPcap.go:75.17,77.4 1 0
github.com/percybolmer/workflow/handlers/network/OpenPcap.go:84.40,89.3 1 1
github.com/percybolmer/workflow/handlers/network/OpenPcap.go:93.17,94.28 1 0
github.com/percybolmer/workflow/handlers/network/OpenPcap.go:94.28,96.4 1 0
github.com/percybolmer/workflow/handlers/network/OpenPcap.go:103.61,107.44 2 1
github.com/percybolmer/workflow/handlers/network/OpenPcap.go:110.2,110.18 1 1
github.com/percybolmer/workflow/handlers/network/OpenPcap.go:107.44,109.3 1 1
github.com/percybolmer/workflow/handlers/network/OpenPcap.go:114.63,116.2 1 2
github.com/percybolmer/workflow/handlers/network/OpenPcap.go:119.44,121.2 1 1
github.com/percybolmer/workflow/handlers/network/OpenPcap.go:124.49,126.2 1 1
github.com/percybolmer/workflow/handlers/network/OpenPcap.go:129.78,139.16 6 1
github.com/percybolmer/workflow/handlers/network/OpenPcap.go:142.2,146.12 2 1
github.com/percybolmer/workflow/handlers/network/OpenPcap.go:139.16,141.3 1 0
github.com/percybolmer/workflow/handlers/network/NetworkInterface.go:54.13,56.2 1 1
github.com/percybolmer/workflow/handlers/network/NetworkInterface.go:59.52,77.2 6 5
github.com/percybolmer/workflow/handlers/network/NetworkInterface.go:80.52,82.2 1 0
github.com/percybolmer/workflow/handlers/network/NetworkInterface.go:85.103,89.16 2 0
github.com/percybolmer/workflow/handlers/network/NetworkInterface.go:92.2,93.16 2 0
github.com/percybolmer/workflow/handlers/network/NetworkInterface.go:97.2,98.6 2 0
github.com/percybolmer/workflow/handlers/network/NetworkInterface.go:89.16,91.3 1 0
github.com/percybolmer/workflow/handlers/network/NetworkInterface.go:93.16,95.3 1 0
github.com/percybolmer/workflow/handlers/network/NetworkInterface.go:98.6,100.17 2 0
github.com/percybolmer/workflow/handlers/network/NetworkInterface.go:104.3,112.18 4 0
github.com/percybolmer/workflow/handlers/network/NetworkInterface.go:100.17,102.12 2 0
github.com/percybolmer/workflow/handlers/network/NetworkInterface.go:112.18,113.29 1 0
github.com/percybolmer/workflow/handlers/network/NetworkInterface.go:113.29,115.5 1 0
github.com/percybolmer/workflow/handlers/network/NetworkInterface.go:121.69,124.44 2 6
github.com/percybolmer/workflow/handlers/network/NetworkInterface.go:127.2,128.56 2 6
github.com/percybolmer/workflow/handlers/network/NetworkInterface.go:131.2,133.16 3 2
github.com/percybolmer/workflow/handlers/network/NetworkInterface.go:136.2,136.45 1 0
github.com/percybolmer/workflow/handlers/network/NetworkInterface.go:142.2,142.27 1 0
github.com/percybolmer/workflow/handlers/network/NetworkInterface.go:146.2,147.54 2 0
github.com/percybolmer/workflow/handlers/network/NetworkInterface.go:154.2,155.60 2 0
github.com/percybolmer/workflow/handlers/network/NetworkInterface.go:163.2,163.18 1 0
github.com/percybolmer/workflow/handlers/network/NetworkInterface.go:124.44,126.3 1 0
github.com/percybolmer/workflow/handlers/network/NetworkInterface.go:128.56,130.3 1 4
github.com/percybolmer/workflow/handlers/network/NetworkInterface.go:133.16,135.3 1 2
github.com/percybolmer/workflow/handlers/network/NetworkInterface.go:136.45,137.37 1 0
github.com/percybolmer/workflow/handlers/network/NetworkInterface.go:137.37,139.9 2 0
github.com/percybolmer/workflow/handlers/network/NetworkInterface.go:142.27,144.3 1 0
github.com/percybolmer/workflow/handlers/network/NetworkInterface.go:147.54,149.17 2 0
github.com/percybolmer/workflow/handlers/network/NetworkInterface.go:152.3,152.24 1 0
github.com/percybolmer/workflow/handlers/network/NetworkInterface.go:149.17,151.4 1 0
github.com/percybolmer/workflow/handlers/network/NetworkInterface.go:155.60,157.17 2 0
github.com/percybolmer/workflow/handlers/network/NetworkInterface.go:160.3,160.36 1 0
github.com/percybolmer/workflow/handlers/network/NetworkInterface.go:157.17,159.4 1 0
github.com/percybolmer/workflow/handlers/network/NetworkInterface.go:167.71,169.2 1 5
github.com/percybolmer/workflow/handlers/network/NetworkInterface.go:172.52,174.2 1 0
github.com/percybolmer/workflow/handlers/network/NetworkInterface.go:177.46,179.16 2 2
github.com/percybolmer/workflow/handlers/network/NetworkInterface.go:182.2,182.23 1 2
github.com/percybolmer/workflow/handlers/network/NetworkInterface.go:185.2,185.21 1 0
github.com/percybolmer/workflow/handlers/network/NetworkInterface.go:179.16,181.3 1 0
github.com/percybolmer/workflow/handlers/network/NetworkInterface.go:182.23,184.3 1 2
github.com/percybolmer/workflow/handlers/network/NetworkInterface.go:189.57,191.2 1 0
github.com/percybolmer/workflow/handlers/network/NetworkInterface.go:194.86,204.16 6 1
github.com/percybolmer/workflow/handlers/network/NetworkInterface.go:207.2,211.12 2 1
github.com/percybolmer/workflow/handlers/network/NetworkInterface.go:204.16,206.3 1 0
